2018-07-15 16:57:18,089 [INFO] [restartedMain] com.mumu.MumuApplication [StartupInfoLogger.java : 48] Starting MumuApplication on DESKTOP-7QHPP6R with PID 10572 (D:\java\workspace\mumu\mumu-admin\target\classes started by hp in D:\java\workspace\mumu\mumu-admin)
2018-07-15 16:57:18,097 [DEBUG] [restartedMain] com.mumu.MumuApplication [StartupInfoLogger.java : 51] Running with Spring Boot v1.5.9.RELEASE, Spring v4.3.13.RELEASE
2018-07-15 16:57:18,099 [INFO] [restartedMain] com.mumu.MumuApplication [SpringApplication.java : 597] The following profiles are active: dev
2018-07-15 16:57:18,201 [INFO] [restartedMain] o.s.b.c.e.AnnotationConfigEmbeddedWebApplicationContext [AbstractApplicationContext.java : 583] Refreshing org.springframework.boot.context.embedded.AnnotationConfigEmbeddedWebApplicationContext@8e3533a: startup date [Sun Jul 15 16:57:18 CST 2018]; root of context hierarchy
2018-07-15 16:57:20,388 [INFO] [restartedMain] o.s.data.repository.config.RepositoryConfigurationDelegate [RepositoryConfigurationDelegate.java : 165] Multiple Spring Data modules found, entering strict repository configuration mode!
2018-07-15 16:57:21,367 [INFO] [restartedMain] o.s.c.s.PostProcessorRegistrationDelegate$BeanPostProcessorChecker [PostProcessorRegistrationDelegate.java : 327] Bean 'shiroConfig' of type [com.mumu.config.web.ShiroConfig$$EnhancerBySpringCGLIB$$cd4439a2] is not eligible for getting processed by all BeanPostProcessors (for example: not eligible for auto-proxying)
2018-07-15 16:57:21,492 [INFO] [restartedMain] o.s.c.s.PostProcessorRegistrationDelegate$BeanPostProcessorChecker [PostProcessorRegistrationDelegate.java : 327] Bean 'rememberMeCookie' of type [org.apache.shiro.web.servlet.SimpleCookie] is not eligible for getting processed by all BeanPostProcessors (for example: not eligible for auto-proxying)
2018-07-15 16:57:22,049 [INFO] [restartedMain] o.s.c.s.PostProcessorRegistrationDelegate$BeanPostProcessorChecker [PostProcessorRegistrationDelegate.java : 327] Bean 'rememberMeManager' of type [org.apache.shiro.web.mgt.CookieRememberMeManager] is not eligible for getting processed by all BeanPostProcessors (for example: not eligible for auto-proxying)
2018-07-15 16:57:22,060 [INFO] [restartedMain] o.s.c.s.PostProcessorRegistrationDelegate$BeanPostProcessorChecker [PostProcessorRegistrationDelegate.java : 327] Bean 'ehCacheConfig' of type [com.mumu.config.EhCacheConfig$$EnhancerBySpringCGLIB$$777cbbaa] is not eligible for getting processed by all BeanPostProcessors (for example: not eligible for auto-proxying)
2018-07-15 16:57:22,081 [INFO] [restartedMain] org.springframework.cache.ehcache.EhCacheManagerFactoryBean [EhCacheManagerFactoryBean.java : 130] Initializing EhCache CacheManager
2018-07-15 16:57:22,234 [INFO] [restartedMain] o.s.c.s.PostProcessorRegistrationDelegate$BeanPostProcessorChecker [PostProcessorRegistrationDelegate.java : 327] Bean 'ehcache' of type [org.springframework.cache.ehcache.EhCacheManagerFactoryBean] is not eligible for getting processed by all BeanPostProcessors (for example: not eligible for auto-proxying)
2018-07-15 16:57:22,242 [INFO] [restartedMain] o.s.c.s.PostProcessorRegistrationDelegate$BeanPostProcessorChecker [PostProcessorRegistrationDelegate.java : 327] Bean 'getCacheShiroManager' of type [org.apache.shiro.cache.ehcache.EhCacheManager] is not eligible for getting processed by all BeanPostProcessors (for example: not eligible for auto-proxying)
2018-07-15 16:57:22,584 [INFO] [restartedMain] o.s.c.s.PostProcessorRegistrationDelegate$BeanPostProcessorChecker [PostProcessorRegistrationDelegate.java : 327] Bean 'mumuProperties' of type [com.mumu.config.properties.MumuProperties] is not eligible for getting processed by all BeanPostProcessors (for example: not eligible for auto-proxying)
2018-07-15 16:57:22,616 [INFO] [restartedMain] o.s.c.s.PostProcessorRegistrationDelegate$BeanPostProcessorChecker [PostProcessorRegistrationDelegate.java : 327] Bean 'defaultWebSessionManager' of type [org.apache.shiro.web.session.mgt.DefaultWebSessionManager] is not eligible for getting processed by all BeanPostProcessors (for example: not eligible for auto-proxying)
2018-07-15 16:57:22,656 [INFO] [restartedMain] o.s.c.s.PostProcessorRegistrationDelegate$BeanPostProcessorChecker [PostProcessorRegistrationDelegate.java : 327] Bean 'shiroDbRealm' of type [com.mumu.core.shiro.ShiroDbRealm] is not eligible for getting processed by all BeanPostProcessors (for example: not eligible for auto-proxying)
2018-07-15 16:57:22,657 [INFO] [restartedMain] org.apache.shiro.cache.ehcache.EhCacheManager [EhCacheManager.java : 158] Cache with name 'com.mumu.core.shiro.ShiroDbRealm.authorizationCache' does not yet exist.  Creating now.
2018-07-15 16:57:22,662 [INFO] [restartedMain] org.apache.shiro.cache.ehcache.EhCacheManager [EhCacheManager.java : 165] Added EhCache named [com.mumu.core.shiro.ShiroDbRealm.authorizationCache]
2018-07-15 16:57:22,678 [INFO] [restartedMain] o.s.c.s.PostProcessorRegistrationDelegate$BeanPostProcessorChecker [PostProcessorRegistrationDelegate.java : 327] Bean 'securityManager' of type [org.apache.shiro.web.mgt.DefaultWebSecurityManager] is not eligible for getting processed by all BeanPostProcessors (for example: not eligible for auto-proxying)
2018-07-15 16:57:22,689 [INFO] [restartedMain] o.s.c.s.PostProcessorRegistrationDelegate$BeanPostProcessorChecker [PostProcessorRegistrationDelegate.java : 327] Bean 'methodInvokingFactoryBean' of type [org.springframework.beans.factory.config.MethodInvokingFactoryBean] is not eligible for getting processed by all BeanPostProcessors (for example: not eligible for auto-proxying)
2018-07-15 16:57:22,703 [INFO] [restartedMain] o.s.c.s.PostProcessorRegistrationDelegate$BeanPostProcessorChecker [PostProcessorRegistrationDelegate.java : 327] Bean 'webConfig' of type [com.mumu.config.web.WebConfig$$EnhancerBySpringCGLIB$$651cce5] is not eligible for getting processed by all BeanPostProcessors (for example: not eligible for auto-proxying)
2018-07-15 16:57:22,777 [INFO] [restartedMain] o.s.c.s.PostProcessorRegistrationDelegate$BeanPostProcessorChecker [PostProcessorRegistrationDelegate.java : 327] Bean 'authorizationAttributeSourceAdvisor' of type [org.apache.shiro.spring.security.interceptor.AuthorizationAttributeSourceAdvisor] is not eligible for getting processed by all BeanPostProcessors (for example: not eligible for auto-proxying)
2018-07-15 16:57:22,789 [INFO] [restartedMain] o.s.c.s.PostProcessorRegistrationDelegate$BeanPostProcessorChecker [PostProcessorRegistrationDelegate.java : 327] Bean 'druidStatPointcut' of type [org.springframework.aop.support.JdkRegexpMethodPointcut] is not eligible for getting processed by all BeanPostProcessors (for example: not eligible for auto-proxying)
2018-07-15 16:57:22,806 [INFO] [restartedMain] o.s.c.s.PostProcessorRegistrationDelegate$BeanPostProcessorChecker [PostProcessorRegistrationDelegate.java : 327] Bean 'druidStatInterceptor' of type [com.alibaba.druid.support.spring.stat.DruidStatInterceptor] is not eligible for getting processed by all BeanPostProcessors (for example: not eligible for auto-proxying)
2018-07-15 16:57:22,812 [INFO] [restartedMain] o.s.c.s.PostProcessorRegistrationDelegate$BeanPostProcessorChecker [PostProcessorRegistrationDelegate.java : 327] Bean 'druidStatAdvisor' of type [org.springframework.aop.support.DefaultPointcutAdvisor] is not eligible for getting processed by all BeanPostProcessors (for example: not eligible for auto-proxying)
2018-07-15 16:57:22,898 [INFO] [restartedMain] o.s.c.s.PostProcessorRegistrationDelegate$BeanPostProcessorChecker [PostProcessorRegistrationDelegate.java : 327] Bean 'org.springframework.transaction.annotation.ProxyTransactionManagementConfiguration' of type [org.springframework.transaction.annotation.ProxyTransactionManagementConfiguration$$EnhancerBySpringCGLIB$$886556df] is not eligible for getting processed by all BeanPostProcessors (for example: not eligible for auto-proxying)
2018-07-15 16:57:23,226 [INFO] [restartedMain] o.s.c.s.PostProcessorRegistrationDelegate$BeanPostProcessorChecker [PostProcessorRegistrationDelegate.java : 327] Bean 'org.springframework.cache.annotation.ProxyCachingConfiguration' of type [org.springframework.cache.annotation.ProxyCachingConfiguration$$EnhancerBySpringCGLIB$$d1778cfd] is not eligible for getting processed by all BeanPostProcessors (for example: not eligible for auto-proxying)
2018-07-15 16:57:24,086 [INFO] [restartedMain] o.s.b.context.embedded.tomcat.TomcatEmbeddedServletContainer [TomcatEmbeddedServletContainer.java : 89] Tomcat initialized with port(s): 8089 (http)
2018-07-15 16:57:24,100 [INFO] [restartedMain] org.apache.catalina.core.StandardService [DirectJDKLog.java : 179] Starting service [Tomcat]
2018-07-15 16:57:24,102 [INFO] [restartedMain] org.apache.catalina.core.StandardEngine [DirectJDKLog.java : 179] Starting Servlet Engine: Apache Tomcat/8.5.23
2018-07-15 16:57:24,273 [INFO] [localhost-startStop-1] o.a.catalina.core.ContainerBase.[Tomcat].[localhost].[/] [DirectJDKLog.java : 179] Initializing Spring embedded WebApplicationContext
2018-07-15 16:57:24,275 [INFO] [localhost-startStop-1] org.springframework.web.context.ContextLoader [EmbeddedWebApplicationContext.java : 276] Root WebApplicationContext: initialization completed in 6074 ms
2018-07-15 16:57:24,875 [INFO] [localhost-startStop-1] org.springframework.boot.web.servlet.ServletRegistrationBean [ServletRegistrationBean.java : 190] Mapping servlet: 'statViewServlet' to [/druid/*]
2018-07-15 16:57:24,877 [INFO] [localhost-startStop-1] org.springframework.boot.web.servlet.ServletRegistrationBean [ServletRegistrationBean.java : 190] Mapping servlet: 'dispatcherServlet' to [/]
2018-07-15 16:57:24,884 [INFO] [localhost-startStop-1] org.springframework.boot.web.servlet.FilterRegistrationBean [AbstractFilterRegistrationBean.java : 258] Mapping filter: 'characterEncodingFilter' to: [/*]
2018-07-15 16:57:24,886 [INFO] [localhost-startStop-1] org.springframework.boot.web.servlet.FilterRegistrationBean [AbstractFilterRegistrationBean.java : 258] Mapping filter: 'hiddenHttpMethodFilter' to: [/*]
2018-07-15 16:57:24,887 [INFO] [localhost-startStop-1] org.springframework.boot.web.servlet.FilterRegistrationBean [AbstractFilterRegistrationBean.java : 258] Mapping filter: 'httpPutFormContentFilter' to: [/*]
2018-07-15 16:57:24,888 [INFO] [localhost-startStop-1] org.springframework.boot.web.servlet.FilterRegistrationBean [AbstractFilterRegistrationBean.java : 258] Mapping filter: 'requestContextFilter' to: [/*]
2018-07-15 16:57:24,890 [INFO] [localhost-startStop-1] org.springframework.boot.web.servlet.FilterRegistrationBean [AbstractFilterRegistrationBean.java : 271] Mapping filter: 'webStatFilter' to urls: [/*]
2018-07-15 16:57:24,890 [INFO] [localhost-startStop-1] org.springframework.boot.web.servlet.FilterRegistrationBean [AbstractFilterRegistrationBean.java : 271] Mapping filter: 'xssFilter' to urls: [/*]
2018-07-15 16:57:24,891 [INFO] [localhost-startStop-1] org.springframework.boot.web.servlet.FilterRegistrationBean [AbstractFilterRegistrationBean.java : 258] Mapping filter: 'shiroFilter' to: [/*]
2018-07-15 16:57:26,123 [INFO] [restartedMain] com.alibaba.druid.pool.DruidDataSource [DruidDataSource.java : 922] {dataSource-1} inited
2018-07-15 16:57:28,116 [INFO] [restartedMain] org.flowable.engine.impl.cfg.ProcessEngineConfigurationImpl [ProcessEngineConfigurationImpl.java : 1230] Found 1 Process Engine Configurators in total:
2018-07-15 16:57:28,117 [INFO] [restartedMain] org.flowable.engine.impl.cfg.ProcessEngineConfigurationImpl [ProcessEngineConfigurationImpl.java : 1232] class org.flowable.spring.configurator.SpringIdmEngineConfigurator (priority:100000)
2018-07-15 16:57:28,118 [INFO] [restartedMain] org.flowable.engine.impl.cfg.ProcessEngineConfigurationImpl [ProcessEngineConfigurationImpl.java : 1242] Executing beforeInit() of class org.flowable.spring.configurator.SpringIdmEngineConfigurator (priority:100000)
2018-07-15 16:57:29,040 [INFO] [restartedMain] org.flowable.engine.impl.cfg.ProcessEngineConfigurationImpl [ProcessEngineConfigurationImpl.java : 1361] Executing configure() of class org.flowable.spring.configurator.SpringIdmEngineConfigurator (priority:100000)
2018-07-15 16:57:29,319 [INFO] [restartedMain] org.flowable.idm.engine.impl.IdmEngineImpl [IdmEngineImpl.java : 51] IdmEngine default created
2018-07-15 16:57:29,415 [INFO] [restartedMain] org.flowable.engine.impl.ProcessEngineImpl [ProcessEngineImpl.java : 84] ProcessEngine default created
2018-07-15 16:57:29,438 [INFO] [restartedMain] o.f.job.service.impl.asyncexecutor.AbstractAsyncExecutor [AbstractAsyncExecutor.java : 114] Starting up the async job executor [org.flowable.spring.SpringAsyncExecutor].
2018-07-15 16:57:29,450 [INFO] [Thread-9] o.f.job.service.impl.asyncexecutor.ResetExpiredJobsRunnable [ResetExpiredJobsRunnable.java : 56] starting to reset expired jobs
2018-07-15 16:57:29,441 [INFO] [Thread-7] o.f.j.service.impl.asyncexecutor.AcquireAsyncJobsDueRunnable [AcquireAsyncJobsDueRunnable.java : 52] starting to acquire async jobs due
2018-07-15 16:57:29,454 [INFO] [Thread-8] o.f.job.service.impl.asyncexecutor.AcquireTimerJobsRunnable [AcquireTimerJobsRunnable.java : 50] starting to acquire async jobs due
2018-07-15 16:57:29,561 [INFO] [restartedMain] org.flowable.engine.impl.cmd.ValidateV5EntitiesCmd [ValidateV5EntitiesCmd.java : 43] Total of v5 deployments found: 0
2018-07-15 16:57:32,687 [INFO] [restartedMain] o.s.w.s.mvc.method.annotation.RequestMappingHandlerAdapter [RequestMappingHandlerAdapter.java : 534] Looking for @ControllerAdvice: org.springframework.boot.context.embedded.AnnotationConfigEmbeddedWebApplicationContext@8e3533a: startup date [Sun Jul 15 16:57:18 CST 2018]; root of context hierarchy
2018-07-15 16:57:32,913 [INFO] [restartedMain] o.s.w.s.mvc.method.annotation.RequestMappingHandlerMapping [AbstractHandlerMethodMapping.java : 543] Mapped "{[/expense/add]}" onto public com.mumu.core.support.RespData com.mumu.modular.flowable.controller.ExpenseController.add(com.mumu.modular.flowable.model.Expense)
2018-07-15 16:57:32,916 [INFO] [restartedMain] o.s.w.s.mvc.method.annotation.RequestMappingHandlerMapping [AbstractHandlerMethodMapping.java : 543] Mapped "{[/expense/update]}" onto public com.mumu.core.support.RespData com.mumu.modular.flowable.controller.ExpenseController.update(com.mumu.modular.flowable.model.Expense)
2018-07-15 16:57:32,918 [INFO] [restartedMain] o.s.w.s.mvc.method.annotation.RequestMappingHandlerMapping [AbstractHandlerMethodMapping.java : 543] Mapped "{[/expense/delete]}" onto public com.mumu.core.support.RespData com.mumu.modular.flowable.controller.ExpenseController.delete(java.util.List<java.lang.String>)
2018-07-15 16:57:32,919 [INFO] [restartedMain] o.s.w.s.mvc.method.annotation.RequestMappingHandlerMapping [AbstractHandlerMethodMapping.java : 543] Mapped "{[/expense/execute]}" onto public com.mumu.core.support.RespData com.mumu.modular.flowable.controller.ExpenseController.execute(java.lang.String)
2018-07-15 16:57:32,920 [INFO] [restartedMain] o.s.w.s.mvc.method.annotation.RequestMappingHandlerMapping [AbstractHandlerMethodMapping.java : 543] Mapped "{[/expense/list],methods=[POST]}" onto public com.mumu.core.support.RespData com.mumu.modular.flowable.controller.ExpenseController.list(java.lang.String)
2018-07-15 16:57:32,921 [INFO] [restartedMain] o.s.w.s.mvc.method.annotation.RequestMappingHandlerMapping [AbstractHandlerMethodMapping.java : 543] Mapped "{[/expense/taskList]}" onto public com.mumu.core.support.RespData com.mumu.modular.flowable.controller.ExpenseController.taskList()
2018-07-15 16:57:32,922 [INFO] [restartedMain] o.s.w.s.mvc.method.annotation.RequestMappingHandlerMapping [AbstractHandlerMethodMapping.java : 543] Mapped "{[/expense/rollback]}" onto public com.mumu.core.support.RespData com.mumu.modular.flowable.controller.ExpenseController.rollback(com.mumu.modular.flowable.condition.RollBackCondition)
2018-07-15 16:57:32,924 [INFO] [restartedMain] o.s.w.s.mvc.method.annotation.RequestMappingHandlerMapping [AbstractHandlerMethodMapping.java : 543] Mapped "{[/expense/pass]}" onto public com.mumu.core.support.RespData com.mumu.modular.flowable.controller.ExpenseController.pass(com.mumu.modular.flowable.model.ExpenseVo)
2018-07-15 16:57:32,925 [INFO] [restartedMain] o.s.w.s.mvc.method.annotation.RequestMappingHandlerMapping [AbstractHandlerMethodMapping.java : 543] Mapped "{[/expense/unPass]}" onto public com.mumu.core.support.RespData com.mumu.modular.flowable.controller.ExpenseController.unPass(com.mumu.modular.flowable.model.ExpenseVo)
2018-07-15 16:57:32,926 [INFO] [restartedMain] o.s.w.s.mvc.method.annotation.RequestMappingHandlerMapping [AbstractHandlerMethodMapping.java : 543] Mapped "{[/expense/expenseView/{id}]}" onto public void com.mumu.modular.flowable.controller.ExpenseController.expenseView(java.lang.String)
2018-07-15 16:57:32,929 [INFO] [restartedMain] o.s.w.s.mvc.method.annotation.RequestMappingHandlerMapping [AbstractHandlerMethodMapping.java : 543] Mapped "{[/flowableNode/list],methods=[POST]}" onto public com.mumu.core.support.RespData com.mumu.modular.flowable.controller.FlowableNodeController.list(java.lang.String)
2018-07-15 16:57:32,930 [INFO] [restartedMain] o.s.w.s.mvc.method.annotation.RequestMappingHandlerMapping [AbstractHandlerMethodMapping.java : 543] Mapped "{[/flowableNode/targetIds],methods=[POST]}" onto public com.mumu.core.support.RespData com.mumu.modular.flowable.controller.FlowableNodeController.targetIds(java.lang.String)
2018-07-15 16:57:32,935 [INFO] [restartedMain] o.s.w.s.mvc.method.annotation.RequestMappingHandlerMapping [AbstractHandlerMethodMapping.java : 543] Mapped "{[/dept/add],methods=[POST]}" onto public com.mumu.core.support.RespData com.mumu.modular.system.controller.DeptController.add(com.mumu.modular.system.model.Dept)
2018-07-15 16:57:32,936 [INFO] [restartedMain] o.s.w.s.mvc.method.annotation.RequestMappingHandlerMapping [AbstractHandlerMethodMapping.java : 543] Mapped "{[/dept/update],methods=[POST]}" onto public com.mumu.core.support.RespData com.mumu.modular.system.controller.DeptController.update(com.mumu.modular.system.model.Dept)
2018-07-15 16:57:32,937 [INFO] [restartedMain] o.s.w.s.mvc.method.annotation.RequestMappingHandlerMapping [AbstractHandlerMethodMapping.java : 543] Mapped "{[/dept/delete],methods=[POST]}" onto public com.mumu.core.support.RespData com.mumu.modular.system.controller.DeptController.delete(java.lang.String)
2018-07-15 16:57:32,938 [INFO] [restartedMain] o.s.w.s.mvc.method.annotation.RequestMappingHandlerMapping [AbstractHandlerMethodMapping.java : 543] Mapped "{[/dept/list],methods=[POST]}" onto public com.mumu.core.support.RespData com.mumu.modular.system.controller.DeptController.list(java.lang.String)
2018-07-15 16:57:32,940 [INFO] [restartedMain] o.s.w.s.mvc.method.annotation.RequestMappingHandlerMapping [AbstractHandlerMethodMapping.java : 543] Mapped "{[/log/delete]}" onto public com.mumu.core.support.RespData com.mumu.modular.system.controller.LogController.delete(java.util.List<java.lang.String>)
2018-07-15 16:57:32,941 [INFO] [restartedMain] o.s.w.s.mvc.method.annotation.RequestMappingHandlerMapping [AbstractHandlerMethodMapping.java : 543] Mapped "{[/log/list]}" onto public com.mumu.core.support.RespData com.mumu.modular.system.controller.LogController.list(com.mumu.modular.system.condition.LogSearchCondition)
2018-07-15 16:57:32,942 [INFO] [restartedMain] o.s.w.s.mvc.method.annotation.RequestMappingHandlerMapping [AbstractHandlerMethodMapping.java : 543] Mapped "{[/log/deleteAll]}" onto public com.mumu.core.support.RespData com.mumu.modular.system.controller.LogController.deleteAll()
2018-07-15 16:57:32,944 [INFO] [restartedMain] o.s.w.s.mvc.method.annotation.RequestMappingHandlerMapping [AbstractHandlerMethodMapping.java : 543] Mapped "{[/doLogin],methods=[POST]}" onto public com.mumu.core.support.RespData com.mumu.modular.system.controller.LoginController.doLogin(com.mumu.modular.system.reqbody.LoginReqBody) throws java.io.IOException
2018-07-15 16:57:32,945 [INFO] [restartedMain] o.s.w.s.mvc.method.annotation.RequestMappingHandlerMapping [AbstractHandlerMethodMapping.java : 543] Mapped "{[/doLogout],methods=[POST]}" onto public com.mumu.core.support.RespData com.mumu.modular.system.controller.LoginController.logOut()
2018-07-15 16:57:32,946 [INFO] [restartedMain] o.s.w.s.mvc.method.annotation.RequestMappingHandlerMapping [AbstractHandlerMethodMapping.java : 543] Mapped "{[/initMain]}" onto public com.mumu.core.support.RespData com.mumu.modular.system.controller.MainController.initMain()
2018-07-15 16:57:32,949 [INFO] [restartedMain] o.s.w.s.mvc.method.annotation.RequestMappingHandlerMapping [AbstractHandlerMethodMapping.java : 543] Mapped "{[/menu/add]}" onto public com.mumu.core.support.RespData com.mumu.modular.system.controller.MenuController.add(com.mumu.modular.system.model.Menu)
2018-07-15 16:57:32,951 [INFO] [restartedMain] o.s.w.s.mvc.method.annotation.RequestMappingHandlerMapping [AbstractHandlerMethodMapping.java : 543] Mapped "{[/menu/delete]}" onto public com.mumu.core.support.RespData com.mumu.modular.system.controller.MenuController.delete(java.lang.String)
2018-07-15 16:57:32,951 [INFO] [restartedMain] o.s.w.s.mvc.method.annotation.RequestMappingHandlerMapping [AbstractHandlerMethodMapping.java : 543] Mapped "{[/menu/list]}" onto public com.mumu.core.support.RespData com.mumu.modular.system.controller.MenuController.list(java.lang.String,java.lang.String)
2018-07-15 16:57:32,953 [INFO] [restartedMain] o.s.w.s.mvc.method.annotation.RequestMappingHandlerMapping [AbstractHandlerMethodMapping.java : 543] Mapped "{[/menu/update]}" onto public com.mumu.core.support.RespData com.mumu.modular.system.controller.MenuController.edit(com.mumu.modular.system.model.Menu)
2018-07-15 16:57:32,954 [INFO] [restartedMain] o.s.w.s.mvc.method.annotation.RequestMappingHandlerMapping [AbstractHandlerMethodMapping.java : 543] Mapped "{[/notice/msg],methods=[POST]}" onto public com.mumu.core.support.RespData com.mumu.modular.system.controller.NoticeController.getNoticeMsgs()
2018-07-15 16:57:32,955 [INFO] [restartedMain] o.s.w.s.mvc.method.annotation.RequestMappingHandlerMapping [AbstractHandlerMethodMapping.java : 543] Mapped "{[/permission]}" onto public com.mumu.core.support.RespData com.mumu.modular.system.controller.PermissionController.permission(java.lang.String[])
2018-07-15 16:57:32,957 [INFO] [restartedMain] o.s.w.s.mvc.method.annotation.RequestMappingHandlerMapping [AbstractHandlerMethodMapping.java : 543] Mapped "{[/role/add]}" onto public com.mumu.core.support.RespData com.mumu.modular.system.controller.RoleController.add(com.mumu.modular.system.model.Role)
2018-07-15 16:57:32,959 [INFO] [restartedMain] o.s.w.s.mvc.method.annotation.RequestMappingHandlerMapping [AbstractHandlerMethodMapping.java : 543] Mapped "{[/role/update]}" onto public com.mumu.core.support.RespData com.mumu.modular.system.controller.RoleController.update(com.mumu.modular.system.model.Role)
2018-07-15 16:57:32,960 [INFO] [restartedMain] o.s.w.s.mvc.method.annotation.RequestMappingHandlerMapping [AbstractHandlerMethodMapping.java : 543] Mapped "{[/role/delete]}" onto public com.mumu.core.support.RespData com.mumu.modular.system.controller.RoleController.delete(java.lang.String)
2018-07-15 16:57:32,960 [INFO] [restartedMain] o.s.w.s.mvc.method.annotation.RequestMappingHandlerMapping [AbstractHandlerMethodMapping.java : 543] Mapped "{[/role/list]}" onto public com.mumu.core.support.RespData com.mumu.modular.system.controller.RoleController.list(java.lang.String)
2018-07-15 16:57:32,962 [INFO] [restartedMain] o.s.w.s.mvc.method.annotation.RequestMappingHandlerMapping [AbstractHandlerMethodMapping.java : 543] Mapped "{[/role/authority]}" onto public com.mumu.core.support.RespData com.mumu.modular.system.controller.RoleController.authority(com.mumu.modular.system.model.Role)
2018-07-15 16:57:32,963 [INFO] [restartedMain] o.s.w.s.mvc.method.annotation.RequestMappingHandlerMapping [AbstractHandlerMethodMapping.java : 543] Mapped "{[/role/setAuthority]}" onto public com.mumu.core.support.RespData com.mumu.modular.system.controller.RoleController.setAuthority(com.mumu.modular.system.controller.RoleController$AuthorityBody)
2018-07-15 16:57:32,965 [INFO] [restartedMain] o.s.w.s.mvc.method.annotation.RequestMappingHandlerMapping [AbstractHandlerMethodMapping.java : 543] Mapped "{[/mgr/add]}" onto public com.mumu.core.support.RespData com.mumu.modular.system.controller.UserMgrController.add(com.mumu.modular.system.model.User)
2018-07-15 16:57:32,968 [INFO] [restartedMain] o.s.w.s.mvc.method.annotation.RequestMappingHandlerMapping [AbstractHandlerMethodMapping.java : 543] Mapped "{[/mgr/update]}" onto public com.mumu.core.support.RespData com.mumu.modular.system.controller.UserMgrController.update(com.mumu.modular.system.model.User)
2018-07-15 16:57:32,969 [INFO] [restartedMain] o.s.w.s.mvc.method.annotation.RequestMappingHandlerMapping [AbstractHandlerMethodMapping.java : 543] Mapped "{[/mgr/delete]}" onto public com.mumu.core.support.RespData com.mumu.modular.system.controller.UserMgrController.delete(java.util.List<java.lang.String>)
2018-07-15 16:57:32,969 [INFO] [restartedMain] o.s.w.s.mvc.method.annotation.RequestMappingHandlerMapping [AbstractHandlerMethodMapping.java : 543] Mapped "{[/mgr/list]}" onto public com.mumu.core.support.RespData com.mumu.modular.system.controller.UserMgrController.list(com.mumu.modular.system.condition.UserSerachCondition)
2018-07-15 16:57:32,970 [INFO] [restartedMain] o.s.w.s.mvc.method.annotation.RequestMappingHandlerMapping [AbstractHandlerMethodMapping.java : 543] Mapped "{[/mgr/reset]}" onto public com.mumu.core.support.RespData com.mumu.modular.system.controller.UserMgrController.reset(java.lang.String)
2018-07-15 16:57:32,971 [INFO] [restartedMain] o.s.w.s.mvc.method.annotation.RequestMappingHandlerMapping [AbstractHandlerMethodMapping.java : 543] Mapped "{[/mgr/freeze]}" onto public com.mumu.core.support.RespData com.mumu.modular.system.controller.UserMgrController.freeze(java.lang.String)
2018-07-15 16:57:32,971 [INFO] [restartedMain] o.s.w.s.mvc.method.annotation.RequestMappingHandlerMapping [AbstractHandlerMethodMapping.java : 543] Mapped "{[/mgr/unfreeze]}" onto public com.mumu.core.support.RespData com.mumu.modular.system.controller.UserMgrController.unfreeze(java.lang.String)
2018-07-15 16:57:32,973 [INFO] [restartedMain] o.s.w.s.mvc.method.annotation.RequestMappingHandlerMapping [AbstractHandlerMethodMapping.java : 543] Mapped "{[/global/error]}" onto public java.lang.String com.mumu.core.base.controller.GlobalController.errorPage()
2018-07-15 16:57:32,974 [INFO] [restartedMain] o.s.w.s.mvc.method.annotation.RequestMappingHandlerMapping [AbstractHandlerMethodMapping.java : 543] Mapped "{[/global/sessionError]}" onto public java.lang.String com.mumu.core.base.controller.GlobalController.errorPageInfo(org.springframework.ui.Model)
2018-07-15 16:57:32,978 [INFO] [restartedMain] o.s.w.s.mvc.method.annotation.RequestMappingHandlerMapping [AbstractHandlerMethodMapping.java : 543] Mapped "{[/error]}" onto public org.springframework.http.ResponseEntity<java.util.Map<java.lang.String, java.lang.Object>> org.springframework.boot.autoconfigure.web.BasicErrorController.error(javax.servlet.http.HttpServletRequest)
2018-07-15 16:57:32,979 [INFO] [restartedMain] o.s.w.s.mvc.method.annotation.RequestMappingHandlerMapping [AbstractHandlerMethodMapping.java : 543] Mapped "{[/error],produces=[text/html]}" onto public org.springframework.web.servlet.ModelAndView org.springframework.boot.autoconfigure.web.BasicErrorController.errorHtml(javax.servlet.http.HttpServletRequest,javax.servlet.http.HttpServletResponse)
2018-07-15 16:57:33,292 [INFO] [restartedMain] o.s.web.servlet.handler.SimpleUrlHandlerMapping [AbstractUrlHandlerMapping.java : 362] Mapped URL path [/swagger-ui.html] onto handler of type [class org.springframework.web.servlet.resource.ResourceHttpRequestHandler]
2018-07-15 16:57:33,294 [INFO] [restartedMain] o.s.web.servlet.handler.SimpleUrlHandlerMapping [AbstractUrlHandlerMapping.java : 362] Mapped URL path [/webjars/**] onto handler of type [class org.springframework.web.servlet.resource.ResourceHttpRequestHandler]
2018-07-15 16:57:33,295 [INFO] [restartedMain] o.s.web.servlet.handler.SimpleUrlHandlerMapping [AbstractUrlHandlerMapping.java : 362] Mapped URL path [/**] onto handler of type [class org.springframework.web.servlet.resource.ResourceHttpRequestHandler]
2018-07-15 16:57:33,430 [INFO] [restartedMain] o.s.w.s.m.m.annotation.ExceptionHandlerExceptionResolver [ExceptionHandlerExceptionResolver.java : 273] Detected @ExceptionHandler methods in globalExceptionHandler
2018-07-15 16:57:33,514 [INFO] [restartedMain] o.s.web.servlet.handler.SimpleUrlHandlerMapping [AbstractUrlHandlerMapping.java : 362] Mapped URL path [/**/favicon.ico] onto handler of type [class org.springframework.web.servlet.resource.ResourceHttpRequestHandler]
2018-07-15 16:57:34,923 [INFO] [restartedMain] o.s.boot.devtools.autoconfigure.OptionalLiveReloadServer [OptionalLiveReloadServer.java : 58] LiveReload server is running on port 35729
2018-07-15 16:57:35,221 [INFO] [restartedMain] o.s.jmx.export.annotation.AnnotationMBeanExporter [MBeanExporter.java : 431] Registering beans for JMX exposure on startup
2018-07-15 16:57:35,341 [INFO] [restartedMain] o.s.b.context.embedded.tomcat.TomcatEmbeddedServletContainer [TomcatEmbeddedServletContainer.java : 201] Tomcat started on port(s): 8089 (http)
2018-07-15 16:57:35,348 [INFO] [restartedMain] com.mumu.MumuApplication [StartupInfoLogger.java : 57] Started MumuApplication in 18.251 seconds (JVM running for 20.419)
2018-07-15 16:57:35,348 [INFO] [restartedMain] com.mumu.MumuApplication [MumuApplication.java : 26] MumuApplication is success!
2018-07-15 16:58:45,178 [INFO] [http-nio-8089-exec-1] o.a.catalina.core.ContainerBase.[Tomcat].[localhost].[/] [DirectJDKLog.java : 179] Initializing Spring FrameworkServlet 'dispatcherServlet'
2018-07-15 16:58:45,178 [INFO] [http-nio-8089-exec-1] org.springframework.web.servlet.DispatcherServlet [FrameworkServlet.java : 489] FrameworkServlet 'dispatcherServlet': initialization started
2018-07-15 16:58:45,228 [INFO] [http-nio-8089-exec-1] org.springframework.web.servlet.DispatcherServlet [FrameworkServlet.java : 508] FrameworkServlet 'dispatcherServlet': initialization completed in 49 ms
2018-07-15 16:58:45,287 [INFO] [http-nio-8089-exec-1] o.apache.shiro.session.mgt.AbstractValidatingSessionManager [AbstractValidatingSessionManager.java : 233] Enabling session validation scheduler...
2018-07-15 17:06:21,937 [INFO] [http-nio-8089-exec-4] com.mumu.modular.flowable.service.impl.ExpenseServiceImpl [ExpenseServiceImpl.java : 78] 添加测试报销流程开始！
2018-07-15 17:06:22,084 [INFO] [http-nio-8089-exec-4] com.mumu.modular.flowable.service.impl.ExpenseServiceImpl [ExpenseServiceImpl.java : 91] 添加报销流程成功！流程实例id：5005
2018-07-15 17:06:24,458 [INFO] [http-nio-8089-exec-1] com.mumu.modular.flowable.service.impl.ExpenseServiceImpl [ExpenseServiceImpl.java : 112] 5005:启动开始！
2018-07-15 17:06:24,601 [INFO] [http-nio-8089-exec-1] com.mumu.modular.flowable.service.impl.ExpenseServiceImpl [ExpenseServiceImpl.java : 140] 5005:启动成功！
2018-07-15 17:06:43,667 [INFO] [http-nio-8089-exec-2] com.mumu.modular.flowable.service.impl.ExpenseServiceImpl [ExpenseServiceImpl.java : 274] 5018:任务审核成功！
