#
# A fatal error has been detected by the Java Runtime Environment:
#
#  EXCEPTION_ACCESS_VIOLATION (0xc0000005) at pc=0x000000005a18a0a5, pid=22964, tid=0x0000000000005ec0
#
# JRE version: Java(TM) SE Runtime Environment (8.0_101-b13) (build 1.8.0_101-b13)
# Java VM: Java HotSpot(TM) 64-Bit Server VM (25.101-b13 mixed mode windows-amd64 compressed oops)
# Problematic frame:
# V  [jvm.dll+0x12a0a5]
#
# Failed to write core dump. Minidumps are not enabled by default on client versions of Windows
#
# If you would like to submit a bug report, please visit:
#   http://bugreport.java.com/bugreport/crash.jsp
#

---------------  T H R E A D  ---------------

Current thread (0x0000000017491800):  JavaThread "JDWP Transport Listener: dt_socket" daemon [_thread_in_vm, id=24256, stack(0x0000000018da0000,0x0000000018ea0000)]

siginfo: ExceptionCode=0xc0000005, reading address 0x00003b6e6f697461

Registers:
RAX=0x0000000018e9f401, RBX=0x0000000017491800, RCX=0x00003b6e6f697461, RDX=0x0000000000000000
RSP=0x0000000018e9f450, RBP=0x00003b6e6f697461, RSI=0x0000000018e9f568, RDI=0x0000000000b78500
R8 =0x0000000017491800, R9 =0x0000000000008000, R10=0x000000002106fbc0, R11=0x000000001c0df3ef
R12=0x0000000000000000, R13=0x0000000017486a08, R14=0x0000000000000000, R15=0x0000000000000000
RIP=0x000000005a18a0a5, EFLAGS=0x0000000000010202

Top of Stack: (sp=0x0000000018e9f450)
0x0000000018e9f450:   0000000017491800 0000000017491800
0x0000000018e9f460:   0000000018e9f518 000000005a392f0b
0x0000000018e9f470:   0000000017491800 000000005a3af76d
0x0000000018e9f480:   0000000000000000 000000005a039155
0x0000000018e9f490:   000000001ee4e4e0 000000005a04291e
0x0000000018e9f4a0:   0000000017491800 0000000000000000
0x0000000018e9f4b0:   0000000000000000 0000000000000000
0x0000000018e9f4c0:   00003b6e6f697461 000000005a041a15
0x0000000018e9f4d0:   0000000018e9f568 0000000018e9f540
0x0000000018e9f4e0:   0000000000000001 000000001ee4e4e0
0x0000000018e9f4f0:   00003b6e6f697461 000000005a0253b3
0x0000000018e9f500:   0000000018e9f630 0000000000000001
0x0000000018e9f510:   0000000000000001 000000001ee4e4e0
0x0000000018e9f520:   0000000000000009 0000000000000000
0x0000000018e9f530:   0000000000000000 0000000000000000
0x0000000018e9f540:   0000000000000001 000000005a025571 

Instructions: (pc=0x000000005a18a0a5)
0x000000005a18a085:   cc cc cc cc cc cc cc cc cc cc cc 48 83 ec 28 48
0x000000005a18a095:   85 c9 75 07 33 c0 48 83 c4 28 c3 48 89 5c 24 20
0x000000005a18a0a5:   48 8b 19 48 85 db 74 20 48 83 fb 37 74 1a 48 8b
0x000000005a18a0b5:   13 48 8b cb ff 52 10 84 c0 74 0d 48 8b c3 48 8b 


Register to memory mapping:

RAX=0x0000000018e9f401 is pointing into the stack for thread: 0x0000000017491800
RBX=0x0000000017491800 is a thread
RCX=0x00003b6e6f697461 is an unknown value
RDX=0x0000000000000000 is an unknown value
RSP=0x0000000018e9f450 is pointing into the stack for thread: 0x0000000017491800
RBP=0x00003b6e6f697461 is an unknown value
RSI=0x0000000018e9f568 is pointing into the stack for thread: 0x0000000017491800
RDI=0x0000000000b78500 is an unknown value
R8 =0x0000000017491800 is a thread
R9 =0x0000000000008000 is an unknown value
R10=0x000000002106fbc0 is an unknown value
R11=0x000000001c0df3ef is an unknown value
R12=0x0000000000000000 is an unknown value
R13=0x0000000017486a08 is an unknown value
R14=0x0000000000000000 is an unknown value
R15=0x0000000000000000 is an unknown value


Stack: [0x0000000018da0000,0x0000000018ea0000],  sp=0x0000000018e9f450,  free space=1021k
Native frames: (J=compiled Java code, j=interpreted, Vv=VM code, C=native code)
V  [jvm.dll+0x12a0a5]
V  [jvm.dll+0x34f76d]
C  [jdwp.dll+0x21a15]
C  [jdwp.dll+0x53b3]
C  [jdwp.dll+0x5571]
C  [jdwp.dll+0xf0a8]
C  [jdwp.dll+0x1f2d5]
C  [jdwp.dll+0x1f4aa]
V  [jvm.dll+0x1bd258]
V  [jvm.dll+0x2451a4]
V  [jvm.dll+0x29c18a]
C  [msvcr100.dll+0x21d9f]
C  [msvcr100.dll+0x21e3b]
C  [KERNEL32.DLL+0x12784]
C  [ntdll.dll+0x70d51]


---------------  P R O C E S S  ---------------

Java Threads: ( => current thread )
  0x000000001a2a6800 JavaThread "pool-2-thread-4" [_thread_blocked, id=29044, stack(0x0000000028290000,0x0000000028390000)]
  0x000000001a2a3800 JavaThread "pool-2-thread-3" [_thread_blocked, id=1824, stack(0x0000000028190000,0x0000000028290000)]
  0x000000001ee00000 JavaThread "pool-2-thread-2" [_thread_blocked, id=24024, stack(0x0000000028090000,0x0000000028190000)]
  0x000000001edff800 JavaThread "pool-2-thread-1" [_thread_blocked, id=19052, stack(0x0000000027d90000,0x0000000027e90000)]
  0x000000001edfd000 JavaThread "SessionValidationThread-1" daemon [_thread_blocked, id=22984, stack(0x0000000027c90000,0x0000000027d90000)]
  0x000000001edfa800 JavaThread "DestroyJavaVM" [_thread_blocked, id=18132, stack(0x0000000002810000,0x0000000002910000)]
  0x000000001edfb800 JavaThread "http-nio-8089-AsyncTimeout" daemon [_thread_blocked, id=25328, stack(0x0000000027990000,0x0000000027a90000)]
  0x000000001edfa000 JavaThread "http-nio-8089-Acceptor-0" daemon [_thread_in_native, id=24996, stack(0x0000000027890000,0x0000000027990000)]
  0x000000001a24f000 JavaThread "http-nio-8089-ClientPoller-1" daemon [_thread_in_native, id=24144, stack(0x0000000027790000,0x0000000027890000)]
  0x000000001a250800 JavaThread "http-nio-8089-ClientPoller-0" daemon [_thread_in_native, id=8704, stack(0x0000000027690000,0x0000000027790000)]
  0x000000001a6a4800 JavaThread "http-nio-8089-exec-10" daemon [_thread_blocked, id=22628, stack(0x0000000027590000,0x0000000027690000)]
  0x000000001a6a4000 JavaThread "http-nio-8089-exec-9" daemon [_thread_blocked, id=15440, stack(0x0000000027490000,0x0000000027590000)]
  0x000000001a6a7000 JavaThread "http-nio-8089-exec-8" daemon [_thread_blocked, id=23104, stack(0x0000000027390000,0x0000000027490000)]
  0x000000001a6a5800 JavaThread "http-nio-8089-exec-7" daemon [_thread_blocked, id=21332, stack(0x0000000027290000,0x0000000027390000)]
  0x000000001a6a3000 JavaThread "http-nio-8089-exec-6" daemon [_thread_blocked, id=22736, stack(0x0000000027190000,0x0000000027290000)]
  0x000000001a6a1000 JavaThread "http-nio-8089-exec-5" daemon [_thread_blocked, id=23100, stack(0x0000000027090000,0x0000000027190000)]
  0x000000001a6a6000 JavaThread "http-nio-8089-exec-4" daemon [_thread_blocked, id=6512, stack(0x0000000026f90000,0x0000000027090000)]
  0x000000001a6a2800 JavaThread "http-nio-8089-exec-3" daemon [_thread_blocked, id=216, stack(0x0000000026e90000,0x0000000026f90000)]
  0x000000001a6a7800 JavaThread "http-nio-8089-exec-2" daemon [_thread_blocked, id=21604, stack(0x0000000026d90000,0x0000000026e90000)]
  0x000000001a6a1800 JavaThread "http-nio-8089-exec-1" daemon [_thread_blocked, id=24668, stack(0x0000000026c90000,0x0000000026d90000)]
  0x000000001a698800 JavaThread "NioBlockingSelector.BlockPoller-1" daemon [_thread_in_native, id=24128, stack(0x0000000026b90000,0x0000000026c90000)]
  0x000000001a699800 JavaThread "Live Reload Server" daemon [_thread_in_native, id=22756, stack(0x0000000026a90000,0x0000000026b90000)]
  0x000000001a6a0000 JavaThread "commons-pool-evictor-thread" [_thread_blocked, id=24016, stack(0x0000000026890000,0x0000000026990000)]
  0x000000001a69f800 JavaThread "flowable-reset-expired-jobs" [_thread_blocked, id=24600, stack(0x0000000025440000,0x0000000025540000)]
  0x000000001a69e000 JavaThread "flowable-acquire-timer-jobs" [_thread_blocked, id=8676, stack(0x0000000025340000,0x0000000025440000)]
  0x000000001a69e800 JavaThread "flowable-acquire-async-jobs" [_thread_blocked, id=11460, stack(0x0000000025240000,0x0000000025340000)]
  0x000000001a24c800 JavaThread "mybatis-plus MapperRefresh" [_thread_blocked, id=17712, stack(0x0000000024940000,0x0000000024a40000)]
  0x000000001a24c000 JavaThread "System Clock" daemon [_thread_blocked, id=22132, stack(0x0000000024550000,0x0000000024650000)]
  0x000000001a251000 JavaThread "Abandoned connection cleanup thread" daemon [_thread_blocked, id=21396, stack(0x0000000024450000,0x0000000024550000)]
  0x000000001a252000 JavaThread "Tomcat JDBC Pool Cleaner[414493378:1528876256251]" daemon [_thread_blocked, id=22928, stack(0x0000000024150000,0x0000000024250000)]
  0x000000001a24f800 JavaThread "container-0" [_thread_blocked, id=23224, stack(0x0000000024050000,0x0000000024150000)]
  0x000000001a24d800 JavaThread "ContainerBackgroundProcessor[StandardEngine[Tomcat]]" daemon [_thread_blocked, id=23480, stack(0x0000000023c90000,0x0000000023d90000)]
  0x000000001a24e000 JavaThread "com%002emumu%002ecore%002eshiro%002e%0053hiro%0044b%0052ealm%002eauthorization%0043ache.data" [_thread_blocked, id=18952, stack(0x0000000020d00000,0x0000000020e00000)]
  0x0000000020038000 JavaThread "%0043%004f%004e%0053%0054%0041%004e%0054.data" [_thread_blocked, id=21152, stack(0x0000000020ab0000,0x0000000020bb0000)]
  0x0000000020036800 JavaThread "net.sf.ehcache.CacheManager@37c8d436" daemon [_thread_blocked, id=7692, stack(0x000000001e300000,0x000000001e400000)]
  0x0000000018865800 JavaThread "Service Thread" daemon [_thread_blocked, id=17720, stack(0x00000000193a0000,0x00000000194a0000)]
  0x0000000018807000 JavaThread "C1 CompilerThread2" daemon [_thread_blocked, id=25336, stack(0x00000000192a0000,0x00000000193a0000)]
  0x00000000174ab000 JavaThread "C2 CompilerThread1" daemon [_thread_blocked, id=25572, stack(0x00000000191a0000,0x00000000192a0000)]
  0x00000000174a9000 JavaThread "C2 CompilerThread0" daemon [_thread_blocked, id=14284, stack(0x00000000190a0000,0x00000000191a0000)]
  0x00000000174a2800 JavaThread "JDWP Command Reader" daemon [_thread_in_native, id=21952, stack(0x0000000018fa0000,0x00000000190a0000)]
  0x0000000017495800 JavaThread "JDWP Event Helper Thread" daemon [_thread_blocked, id=20860, stack(0x0000000018ea0000,0x0000000018fa0000)]
=>0x0000000017491800 JavaThread "JDWP Transport Listener: dt_socket" daemon [_thread_in_vm, id=24256, stack(0x0000000018da0000,0x0000000018ea0000)]
  0x00000000187e3800 JavaThread "Attach Listener" daemon [_thread_blocked, id=25356, stack(0x0000000018ca0000,0x0000000018da0000)]
  0x000000001747b800 JavaThread "Signal Dispatcher" daemon [_thread_blocked, id=10780, stack(0x0000000018ba0000,0x0000000018ca0000)]
  0x0000000000a9d800 JavaThread "Finalizer" daemon [_thread_blocked, id=23808, stack(0x00000000186a0000,0x00000000187a0000)]
  0x0000000017419000 JavaThread "Reference Handler" daemon [_thread_blocked, id=23624, stack(0x00000000185a0000,0x00000000186a0000)]

Other Threads:
  0x0000000017417800 VMThread [stack: 0x00000000184a0000,0x00000000185a0000] [id=23976]
  0x000000001883e800 WatcherThread [stack: 0x00000000194a0000,0x00000000195a0000] [id=24068]

VM state:not at safepoint (normal execution)

VM Mutex/Monitor currently owned by a thread: None

Heap:
 PSYoungGen      total 388096K, used 58394K [0x00000000d5e00000, 0x00000000f0f00000, 0x0000000100000000)
  eden space 379904K, 13% used [0x00000000d5e00000,0x00000000d8f1cd50,0x00000000ed100000)
  from space 8192K, 98% used [0x00000000ee000000,0x00000000ee7e9b80,0x00000000ee800000)
  to   space 31744K, 0% used [0x00000000ef000000,0x00000000ef000000,0x00000000f0f00000)
 ParOldGen       total 163328K, used 45947K [0x0000000081a00000, 0x000000008b980000, 0x00000000d5e00000)
  object space 163328K, 28% used [0x0000000081a00000,0x00000000846defb8,0x000000008b980000)
 Metaspace       used 65346K, capacity 66306K, committed 66648K, reserved 1107968K
  class space    used 7508K, capacity 7733K, committed 7808K, reserved 1048576K

Card table byte_map: [0x0000000011cd0000,0x00000000120d0000] byte_map_base: 0x00000000118c3000

Marking Bits: (ParMarkBitMap*) 0x000000005a87a6d0
 Begin Bits: [0x0000000012780000, 0x0000000014718000)
 End Bits:   [0x0000000014718000, 0x00000000166b0000)

Polling page: 0x0000000000aa0000

CodeCache: size=245760Kb used=36361Kb max_used=36422Kb free=209399Kb
 bounds [0x0000000002910000, 0x0000000004d20000, 0x0000000011910000]
 total_blobs=9753 nmethods=9193 adapters=479
 compilation: enabled

Compilation events (10 events):
Event: 12658.975 Thread 0x0000000018807000 nmethod 11284 0x0000000003e84790 code [0x0000000003e848e0, 0x0000000003e849f0]
Event: 12658.975 Thread 0x0000000018807000 11285       1       ch.qos.logback.classic.LoggerContext::getFrameworkPackages (5 bytes)
Event: 12658.976 Thread 0x0000000018807000 nmethod 11285 0x0000000003816ad0 code [0x0000000003816c20, 0x0000000003816d30]
Event: 12659.350 Thread 0x00000000174ab000 nmethod 11280 0x0000000004cf9b10 code [0x0000000004cfa360, 0x0000000004d06f80]
Event: 12712.160 Thread 0x00000000174a9000 11288       4       org.springframework.transaction.support.TransactionSynchronizationManager::getResource (82 bytes)
Event: 12712.167 Thread 0x00000000174a9000 nmethod 11288 0x0000000003e47890 code [0x0000000003e47a00, 0x0000000003e47bd8]
Event: 12782.230 Thread 0x0000000018807000 11289       3       org.flowable.job.service.impl.asyncexecutor.AcquireAsyncJobsDueRunnable::offerJobs (70 bytes)
Event: 12782.234 Thread 0x0000000018807000 nmethod 11289 0x0000000004215290 code [0x00000000042154e0, 0x0000000004216338]
Event: 12783.410 Thread 0x00000000174ab000 11290   !   4       com.mysql.jdbc.MysqlIO::nextRowFast (876 bytes)
Event: 12783.433 Thread 0x00000000174ab000 nmethod 11290 0x0000000003d61dd0 code [0x0000000003d62020, 0x0000000003d65308]

GC Heap History (10 events):
Event: 18.612 GC heap before
{Heap before GC invocations=16 (full 2):
 PSYoungGen      total 297472K, used 297469K [0x00000000d5e00000, 0x00000000ed300000, 0x0000000100000000)
  eden space 278016K, 100% used [0x00000000d5e00000,0x00000000e6d80000,0x00000000e6d80000)
  from space 19456K, 99% used [0x00000000e6d80000,0x00000000e807f7b8,0x00000000e8080000)
  to   space 24064K, 0% used [0x00000000ebb80000,0x00000000ebb80000,0x00000000ed300000)
 ParOldGen       total 102912K, used 28049K [0x0000000081a00000, 0x0000000087e80000, 0x00000000d5e00000)
  object space 102912K, 27% used [0x0000000081a00000,0x0000000083564430,0x0000000087e80000)
 Metaspace       used 53126K, capacity 53844K, committed 54144K, reserved 1097728K
  class space    used 6325K, capacity 6492K, committed 6528K, reserved 1048576K
Event: 18.644 GC heap after
Heap after GC invocations=16 (full 2):
 PSYoungGen      total 352256K, used 24036K [0x00000000d5e00000, 0x00000000eea00000, 0x0000000100000000)
  eden space 328192K, 0% used [0x00000000d5e00000,0x00000000d5e00000,0x00000000e9e80000)
  from space 24064K, 99% used [0x00000000ebb80000,0x00000000ed2f9278,0x00000000ed300000)
  to   space 29696K, 0% used [0x00000000e9e80000,0x00000000e9e80000,0x00000000ebb80000)
 ParOldGen       total 102912K, used 33530K [0x0000000081a00000, 0x0000000087e80000, 0x00000000d5e00000)
  object space 102912K, 32% used [0x0000000081a00000,0x0000000083abe868,0x0000000087e80000)
 Metaspace       used 53126K, capacity 53844K, committed 54144K, reserved 1097728K
  class space    used 6325K, capacity 6492K, committed 6528K, reserved 1048576K
}
Event: 21.127 GC heap before
{Heap before GC invocations=17 (full 2):
 PSYoungGen      total 352256K, used 352228K [0x00000000d5e00000, 0x00000000eea00000, 0x0000000100000000)
  eden space 328192K, 100% used [0x00000000d5e00000,0x00000000e9e80000,0x00000000e9e80000)
  from space 24064K, 99% used [0x00000000ebb80000,0x00000000ed2f9278,0x00000000ed300000)
  to   space 29696K, 0% used [0x00000000e9e80000,0x00000000e9e80000,0x00000000ebb80000)
 ParOldGen       total 102912K, used 33530K [0x0000000081a00000, 0x0000000087e80000, 0x00000000d5e00000)
  object space 102912K, 32% used [0x0000000081a00000,0x0000000083abe868,0x0000000087e80000)
 Metaspace       used 57287K, capacity 58008K, committed 58240K, reserved 1099776K
  class space    used 6873K, capacity 7026K, committed 7040K, reserved 1048576K
Event: 21.165 GC heap after
Heap after GC invocations=17 (full 2):
 PSYoungGen      total 357888K, used 22716K [0x00000000d5e00000, 0x00000000f2a80000, 0x0000000100000000)
  eden space 328192K, 0% used [0x00000000d5e00000,0x00000000d5e00000,0x00000000e9e80000)
  from space 29696K, 76% used [0x00000000e9e80000,0x00000000eb4af058,0x00000000ebb80000)
  to   space 31744K, 0% used [0x00000000f0b80000,0x00000000f0b80000,0x00000000f2a80000)
 ParOldGen       total 102912K, used 43166K [0x0000000081a00000, 0x0000000087e80000, 0x00000000d5e00000)
  object space 102912K, 41% used [0x0000000081a00000,0x0000000084427a78,0x0000000087e80000)
 Metaspace       used 57287K, capacity 58008K, committed 58240K, reserved 1099776K
  class space    used 6873K, capacity 7026K, committed 7040K, reserved 1048576K
}
Event: 58.421 GC heap before
{Heap before GC invocations=18 (full 2):
 PSYoungGen      total 357888K, used 73053K [0x00000000d5e00000, 0x00000000f2a80000, 0x0000000100000000)
  eden space 328192K, 15% used [0x00000000d5e00000,0x00000000d8f28710,0x00000000e9e80000)
  from space 29696K, 76% used [0x00000000e9e80000,0x00000000eb4af058,0x00000000ebb80000)
  to   space 31744K, 0% used [0x00000000f0b80000,0x00000000f0b80000,0x00000000f2a80000)
 ParOldGen       total 102912K, used 43166K [0x0000000081a00000, 0x0000000087e80000, 0x00000000d5e00000)
  object space 102912K, 41% used [0x0000000081a00000,0x0000000084427a78,0x0000000087e80000)
 Metaspace       used 58289K, capacity 59020K, committed 59096K, reserved 1101824K
  class space    used 6990K, capacity 7164K, committed 7168K, reserved 1048576K
Event: 58.441 GC heap after
Heap after GC invocations=18 (full 2):
 PSYoungGen      total 415232K, used 19558K [0x00000000d5e00000, 0x00000000f1f00000, 0x0000000100000000)
  eden space 395264K, 0% used [0x00000000d5e00000,0x00000000d5e00000,0x00000000ee000000)
  from space 19968K, 97% used [0x00000000f0b80000,0x00000000f1e99ad8,0x00000000f1f00000)
  to   space 32256K, 0% used [0x00000000ee000000,0x00000000ee000000,0x00000000eff80000)
 ParOldGen       total 102912K, used 43174K [0x0000000081a00000, 0x0000000087e80000, 0x00000000d5e00000)
  object space 102912K, 41% used [0x0000000081a00000,0x0000000084429a78,0x0000000087e80000)
 Metaspace       used 58289K, capacity 59020K, committed 59096K, reserved 1101824K
  class space    used 6990K, capacity 7164K, committed 7168K, reserved 1048576K
}
Event: 58.441 GC heap before
{Heap before GC invocations=19 (full 3):
 PSYoungGen      total 415232K, used 19558K [0x00000000d5e00000, 0x00000000f1f00000, 0x0000000100000000)
  eden space 395264K, 0% used [0x00000000d5e00000,0x00000000d5e00000,0x00000000ee000000)
  from space 19968K, 97% used [0x00000000f0b80000,0x00000000f1e99ad8,0x00000000f1f00000)
  to   space 32256K, 0% used [0x00000000ee000000,0x00000000ee000000,0x00000000eff80000)
 ParOldGen       total 102912K, used 43174K [0x0000000081a00000, 0x0000000087e80000, 0x00000000d5e00000)
  object space 102912K, 41% used [0x0000000081a00000,0x0000000084429a78,0x0000000087e80000)
 Metaspace       used 58289K, capacity 59020K, committed 59096K, reserved 1101824K
  class space    used 6990K, capacity 7164K, committed 7168K, reserved 1048576K
Event: 58.707 GC heap after
Heap after GC invocations=19 (full 3):
 PSYoungGen      total 415232K, used 0K [0x00000000d5e00000, 0x00000000f1f00000, 0x0000000100000000)
  eden space 395264K, 0% used [0x00000000d5e00000,0x00000000d5e00000,0x00000000ee000000)
  from space 19968K, 0% used [0x00000000f0b80000,0x00000000f0b80000,0x00000000f1f00000)
  to   space 32256K, 0% used [0x00000000ee000000,0x00000000ee000000,0x00000000eff80000)
 ParOldGen       total 163328K, used 45939K [0x0000000081a00000, 0x000000008b980000, 0x00000000d5e00000)
  object space 163328K, 28% used [0x0000000081a00000,0x00000000846dcfb8,0x000000008b980000)
 Metaspace       used 58214K, capacity 58900K, committed 59096K, reserved 1101824K
  class space    used 6979K, capacity 7144K, committed 7168K, reserved 1048576K
}
Event: 11848.139 GC heap before
{Heap before GC invocations=20 (full 3):
 PSYoungGen      total 415232K, used 395264K [0x00000000d5e00000, 0x00000000f1f00000, 0x0000000100000000)
  eden space 395264K, 100% used [0x00000000d5e00000,0x00000000ee000000,0x00000000ee000000)
  from space 19968K, 0% used [0x00000000f0b80000,0x00000000f0b80000,0x00000000f1f00000)
  to   space 32256K, 0% used [0x00000000ee000000,0x00000000ee000000,0x00000000eff80000)
 ParOldGen       total 163328K, used 45939K [0x0000000081a00000, 0x000000008b980000, 0x00000000d5e00000)
  object space 163328K, 28% used [0x0000000081a00000,0x00000000846dcfb8,0x000000008b980000)
 Metaspace       used 65218K, capacity 66178K, committed 66392K, reserved 1107968K
  class space    used 7502K, capacity 7733K, committed 7808K, reserved 1048576K
Event: 11848.257 GC heap after
Heap after GC invocations=20 (full 3):
 PSYoungGen      total 388096K, used 8102K [0x00000000d5e00000, 0x00000000f0f00000, 0x0000000100000000)
  eden space 379904K, 0% used [0x00000000d5e00000,0x00000000d5e00000,0x00000000ed100000)
  from space 8192K, 98% used [0x00000000ee000000,0x00000000ee7e9b80,0x00000000ee800000)
  to   space 31744K, 0% used [0x00000000ef000000,0x00000000ef000000,0x00000000f0f00000)
 ParOldGen       total 163328K, used 45947K [0x0000000081a00000, 0x000000008b980000, 0x00000000d5e00000)
  object space 163328K, 28% used [0x0000000081a00000,0x00000000846defb8,0x000000008b980000)
 Metaspace       used 65218K, capacity 66178K, committed 66392K, reserved 1107968K
  class space    used 7502K, capacity 7733K, committed 7808K, reserved 1048576K
}

Deoptimization events (10 events):
Event: 11848.093 Thread 0x000000001a6a1000 Uncommon trap: reason=range_check action=none pc=0x0000000002b8329c method=sun.reflect.generics.parser.SignatureParser.current()C @ 34
Event: 11848.094 Thread 0x000000001a6a1000 Uncommon trap: reason=range_check action=none pc=0x0000000002b8329c method=sun.reflect.generics.parser.SignatureParser.current()C @ 34
Event: 11848.094 Thread 0x000000001a6a1000 Uncommon trap: reason=range_check action=none pc=0x0000000002b8329c method=sun.reflect.generics.parser.SignatureParser.current()C @ 34
Event: 11848.094 Thread 0x000000001a6a1000 Uncommon trap: reason=range_check action=none pc=0x0000000002b8329c method=sun.reflect.generics.parser.SignatureParser.current()C @ 34
Event: 11848.094 Thread 0x000000001a6a1000 Uncommon trap: reason=range_check action=none pc=0x0000000002b8329c method=sun.reflect.generics.parser.SignatureParser.current()C @ 34
Event: 11848.094 Thread 0x000000001a6a1000 Uncommon trap: reason=range_check action=none pc=0x0000000002b8329c method=sun.reflect.generics.parser.SignatureParser.current()C @ 34
Event: 11848.095 Thread 0x000000001a6a1000 Uncommon trap: reason=range_check action=none pc=0x0000000002b8329c method=sun.reflect.generics.parser.SignatureParser.current()C @ 34
Event: 11848.275 Thread 0x000000001a6a1000 Uncommon trap: reason=unhandled action=none pc=0x000000000367f4c4 method=java.lang.Class.getDeclaredMethod(Ljava/lang/String;[Ljava/lang/Class;)Ljava/lang/reflect/Method; @ 64
Event: 11848.287 Thread 0x000000001a6a1000 Uncommon trap: reason=unhandled action=none pc=0x000000000367f4c4 method=java.lang.Class.getDeclaredMethod(Ljava/lang/String;[Ljava/lang/Class;)Ljava/lang/reflect/Method; @ 64
Event: 12004.373 Thread 0x000000001a6a2800 Uncommon trap: reason=unstable_if action=reinterpret pc=0x0000000002d3e01c method=java.lang.Class.reflectionData()Ljava/lang/Class$ReflectionData; @ 37

Internal exceptions (10 events):
Event: 11580.729 Thread 0x000000001a6a3000 Exception <a 'java/lang/ArrayIndexOutOfBoundsException': 99> (0x00000000ebdb8098) thrown at [C:\re\workspace\8-2-build-windows-amd64-cygwin\jdk8u101\7261\hotspot\src\share\vm\interpreter\interpreterRuntime.cpp, line 366]
Event: 11848.093 Thread 0x000000001a6a1000 Exception <a 'java/lang/ArrayIndexOutOfBoundsException': 64> (0x00000000ec04b5a0) thrown at [C:\re\workspace\8-2-build-windows-amd64-cygwin\jdk8u101\7261\hotspot\src\share\vm\interpreter\interpreterRuntime.cpp, line 366]
Event: 11848.093 Thread 0x000000001a6a1000 Exception <a 'java/lang/ArrayIndexOutOfBoundsException': 23> (0x00000000ec058d20) thrown at [C:\re\workspace\8-2-build-windows-amd64-cygwin\jdk8u101\7261\hotspot\src\share\vm\interpreter\interpreterRuntime.cpp, line 366]
Event: 11848.094 Thread 0x000000001a6a1000 Exception <a 'java/lang/ArrayIndexOutOfBoundsException': 38> (0x00000000ec05a2b8) thrown at [C:\re\workspace\8-2-build-windows-amd64-cygwin\jdk8u101\7261\hotspot\src\share\vm\interpreter\interpreterRuntime.cpp, line 366]
Event: 11848.094 Thread 0x000000001a6a1000 Exception <a 'java/lang/ArrayIndexOutOfBoundsException': 38> (0x00000000ec05b9c8) thrown at [C:\re\workspace\8-2-build-windows-amd64-cygwin\jdk8u101\7261\hotspot\src\share\vm\interpreter\interpreterRuntime.cpp, line 366]
Event: 11848.094 Thread 0x000000001a6a1000 Exception <a 'java/lang/ArrayIndexOutOfBoundsException': 55> (0x00000000ec05d220) thrown at [C:\re\workspace\8-2-build-windows-amd64-cygwin\jdk8u101\7261\hotspot\src\share\vm\interpreter\interpreterRuntime.cpp, line 366]
Event: 11848.094 Thread 0x000000001a6a1000 Exception <a 'java/lang/ArrayIndexOutOfBoundsException': 67> (0x00000000ec0665f8) thrown at [C:\re\workspace\8-2-build-windows-amd64-cygwin\jdk8u101\7261\hotspot\src\share\vm\interpreter\interpreterRuntime.cpp, line 366]
Event: 11848.094 Thread 0x000000001a6a1000 Exception <a 'java/lang/ArrayIndexOutOfBoundsException': 94> (0x00000000ec0682b0) thrown at [C:\re\workspace\8-2-build-windows-amd64-cygwin\jdk8u101\7261\hotspot\src\share\vm\interpreter\interpreterRuntime.cpp, line 366]
Event: 11848.094 Thread 0x000000001a6a1000 Exception <a 'java/lang/ArrayIndexOutOfBoundsException': 94> (0x00000000ec069fd0) thrown at [C:\re\workspace\8-2-build-windows-amd64-cygwin\jdk8u101\7261\hotspot\src\share\vm\interpreter\interpreterRuntime.cpp, line 366]
Event: 11848.095 Thread 0x000000001a6a1000 Exception <a 'java/lang/ArrayIndexOutOfBoundsException': 99> (0x00000000ec06c040) thrown at [C:\re\workspace\8-2-build-windows-amd64-cygwin\jdk8u101\7261\hotspot\src\share\vm\interpreter\interpreterRuntime.cpp, line 366]

Events (10 events):
Event: 12674.645 Executing VM operation: ChangeBreakpoints
Event: 12674.651 Executing VM operation: ChangeBreakpoints done
Event: 12674.685 Executing VM operation: ChangeBreakpoints
Event: 12674.691 Executing VM operation: ChangeBreakpoints done
Event: 12674.711 Executing VM operation: ChangeBreakpoints
Event: 12674.713 Executing VM operation: ChangeBreakpoints done
Event: 12674.731 Executing VM operation: ChangeBreakpoints
Event: 12674.733 Executing VM operation: ChangeBreakpoints done
Event: 12787.728 Executing VM operation: RedefineClasses
Event: 12787.796 Executing VM operation: RedefineClasses done


Dynamic libraries:
0x00007ff63fa90000 - 0x00007ff63fac7000 	E:\xiahui\java\jdk1.8\bin\javaw.exe
0x00007ffa84750000 - 0x00007ffa8492b000 	C:\Windows\SYSTEM32\ntdll.dll
0x00007ffa844b0000 - 0x00007ffa8455e000 	C:\Windows\System32\KERNEL32.DLL
0x00007ffa81040000 - 0x00007ffa81289000 	C:\Windows\System32\KERNELBASE.dll
0x000000005cc40000 - 0x000000005ccc9000 	C:\Windows\System32\SYSFER.DLL
0x00007ffa820d0000 - 0x00007ffa82171000 	C:\Windows\System32\ADVAPI32.dll
0x00007ffa838d0000 - 0x00007ffa8396d000 	C:\Windows\System32\msvcrt.dll
0x00007ffa84560000 - 0x00007ffa845b9000 	C:\Windows\System32\sechost.dll
0x00007ffa845c0000 - 0x00007ffa846e5000 	C:\Windows\System32\RPCRT4.dll
0x00007ffa81ee0000 - 0x00007ffa8202a000 	C:\Windows\System32\USER32.dll
0x00007ffa80c70000 - 0x00007ffa80c8e000 	C:\Windows\System32\win32u.dll
0x00007ffa84290000 - 0x00007ffa842b7000 	C:\Windows\System32\GDI32.dll
0x00007ffa80e00000 - 0x00007ffa80f87000 	C:\Windows\System32\gdi32full.dll
0x00007ffa80c90000 - 0x00007ffa80d2a000 	C:\Windows\System32\msvcp_win.dll
0x00007ffa81bb0000 - 0x00007ffa81ca6000 	C:\Windows\System32\ucrtbase.dll
0x00007ffa76130000 - 0x00007ffa76397000 	C:\Windows\WinSxS\amd64_microsoft.windows.common-controls_6595b64144ccf1df_6.0.15063.1058_none_40c74ded29a7bebd\COMCTL32.dll
0x00007ffa835d0000 - 0x00007ffa838c9000 	C:\Windows\System32\combase.dll
0x00007ffa80d30000 - 0x00007ffa80d9a000 	C:\Windows\System32\bcryptPrimitives.dll
0x00007ffa83c10000 - 0x00007ffa83c3d000 	C:\Windows\System32\IMM32.DLL
0x000000005c110000 - 0x000000005c1e2000 	E:\xiahui\java\jdk1.8\jre\bin\msvcr100.dll
0x000000005a060000 - 0x000000005a8fa000 	E:\xiahui\java\jdk1.8\jre\bin\server\jvm.dll
0x00007ffa835c0000 - 0x00007ffa835c8000 	C:\Windows\System32\PSAPI.DLL
0x00007ffa7b240000 - 0x00007ffa7b249000 	C:\Windows\SYSTEM32\WSOCK32.dll
0x00007ffa842d0000 - 0x00007ffa8433c000 	C:\Windows\System32\WS2_32.dll
0x00007ffa79120000 - 0x00007ffa79143000 	C:\Windows\SYSTEM32\WINMM.dll
0x00007ffa765f0000 - 0x00007ffa765fa000 	C:\Windows\SYSTEM32\VERSION.dll
0x00007ffa790f0000 - 0x00007ffa7911b000 	C:\Windows\SYSTEM32\WINMMBASE.dll
0x00007ffa81b60000 - 0x00007ffa81ba9000 	C:\Windows\System32\cfgmgr32.dll
0x000000005c2b0000 - 0x000000005c2bf000 	E:\xiahui\java\jdk1.8\jre\bin\verify.dll
0x000000005c280000 - 0x000000005c2a9000 	E:\xiahui\java\jdk1.8\jre\bin\java.dll
0x000000005a020000 - 0x000000005a055000 	E:\xiahui\java\jdk1.8\jre\bin\jdwp.dll
0x000000005c100000 - 0x000000005c108000 	E:\xiahui\java\jdk1.8\jre\bin\npt.dll
0x000000005c260000 - 0x000000005c276000 	E:\xiahui\java\jdk1.8\jre\bin\zip.dll
0x00007ffa82180000 - 0x00007ffa835b8000 	C:\Windows\System32\SHELL32.dll
0x00007ffa83b60000 - 0x00007ffa83c0a000 	C:\Windows\System32\shcore.dll
0x00007ffa81290000 - 0x00007ffa81981000 	C:\Windows\System32\windows.storage.dll
0x00007ffa83b00000 - 0x00007ffa83b51000 	C:\Windows\System32\shlwapi.dll
0x00007ffa80c00000 - 0x00007ffa80c11000 	C:\Windows\System32\kernel.appcore.dll
0x00007ffa80c20000 - 0x00007ffa80c6c000 	C:\Windows\System32\powrprof.dll
0x00007ffa80bc0000 - 0x00007ffa80bd5000 	C:\Windows\System32\profapi.dll
0x000000005c0f0000 - 0x000000005c0f9000 	E:\xiahui\java\jdk1.8\jre\bin\dt_socket.dll
0x00007ffa6d010000 - 0x00007ffa6d026000 	C:\Windows\system32\napinsp.dll
0x00007ffa6cff0000 - 0x00007ffa6d00a000 	C:\Windows\system32\pnrpnsp.dll
0x00007ffa7de20000 - 0x00007ffa7de38000 	C:\Windows\system32\NLAapi.dll
0x00007ffa804d0000 - 0x00007ffa8052c000 	C:\Windows\System32\mswsock.dll
0x00007ffa802b0000 - 0x00007ffa80354000 	C:\Windows\SYSTEM32\DNSAPI.dll
0x00007ffa81d30000 - 0x00007ffa81d38000 	C:\Windows\System32\NSI.dll
0x00007ffa80270000 - 0x00007ffa802a7000 	C:\Windows\SYSTEM32\IPHLPAPI.DLL
0x00007ffa6cfe0000 - 0x00007ffa6cfee000 	C:\Windows\System32\winrnr.dll
0x00007ffa6cfc0000 - 0x00007ffa6cfd5000 	C:\Windows\System32\wshbth.dll
0x00007ffa79500000 - 0x00007ffa7956b000 	C:\Windows\System32\fwpuclnt.dll
0x00007ffa80780000 - 0x00007ffa807a5000 	C:\Windows\SYSTEM32\bcrypt.dll
0x00007ffa79020000 - 0x00007ffa7902a000 	C:\Windows\System32\rasadhlp.dll
0x000000005c0e0000 - 0x000000005c0ed000 	E:\xiahui\java\jdk1.8\jre\bin\management.dll
0x000000005c240000 - 0x000000005c25a000 	E:\xiahui\java\jdk1.8\jre\bin\net.dll
0x000000005c220000 - 0x000000005c231000 	E:\xiahui\java\jdk1.8\jre\bin\nio.dll
0x000000005c1f0000 - 0x000000005c214000 	E:\xiahui\java\jdk1.8\jre\bin\sunec.dll
0x00007ffa80670000 - 0x00007ffa80687000 	C:\Windows\SYSTEM32\CRYPTSP.dll
0x00007ffa800f0000 - 0x00007ffa80124000 	C:\Windows\system32\rsaenh.dll
0x00007ffa80af0000 - 0x00007ffa80b19000 	C:\Windows\SYSTEM32\USERENV.dll
0x00007ffa80690000 - 0x00007ffa8069b000 	C:\Windows\SYSTEM32\CRYPTBASE.dll
0x00007ffa7b6f0000 - 0x00007ffa7b706000 	C:\Windows\SYSTEM32\dhcpcsvc6.DLL
0x00007ffa7b6d0000 - 0x00007ffa7b6ea000 	C:\Windows\SYSTEM32\dhcpcsvc.DLL
0x00007ffa7da30000 - 0x00007ffa7dbd9000 	C:\Windows\SYSTEM32\dbghelp.dll

VM Arguments:
jvm_args: -agentlib:jdwp=transport=dt_socket,suspend=y,address=localhost:60769 -Dfile.encoding=UTF-8 
java_command: com.mumu.MumuApplication
java_class_path (initial): E:\xiahui\java\jdk1.8\jre\lib\resources.jar;E:\xiahui\java\jdk1.8\jre\lib\rt.jar;E:\xiahui\java\jdk1.8\jre\lib\jsse.jar;E:\xiahui\java\jdk1.8\jre\lib\jce.jar;E:\xiahui\java\jdk1.8\jre\lib\charsets.jar;E:\xiahui\java\jdk1.8\jre\lib\jfr.jar;E:\xiahui\java\jdk1.8\jre\lib\ext\access-bridge-64.jar;E:\xiahui\java\jdk1.8\jre\lib\ext\cldrdata.jar;E:\xiahui\java\jdk1.8\jre\lib\ext\dnsns.jar;E:\xiahui\java\jdk1.8\jre\lib\ext\jaccess.jar;E:\xiahui\java\jdk1.8\jre\lib\ext\jfxrt.jar;E:\xiahui\java\jdk1.8\jre\lib\ext\localedata.jar;E:\xiahui\java\jdk1.8\jre\lib\ext\nashorn.jar;E:\xiahui\java\jdk1.8\jre\lib\ext\sunec.jar;E:\xiahui\java\jdk1.8\jre\lib\ext\sunjce_provider.jar;E:\xiahui\java\jdk1.8\jre\lib\ext\sunmscapi.jar;E:\xiahui\java\jdk1.8\jre\lib\ext\sunpkcs11.jar;E:\xiahui\java\jdk1.8\jre\lib\ext\zipfs.jar;E:\xiahui\tools\eclipse\workspace\mumu-parent\mumu-admin\target\classes;E:\xiahui\tools\eclipse\workspace\mumu-parent\mumu-core\target\classes;E:\xiahui\tools\eclipse\STS_SN\sts-bundle\sts-3.9.4.RELEASE\plugins\org.junit.jupiter.api_5.0.0.v20170910-2246.jar;E:\xiahui\tools\eclipse\STS_SN\sts-bundle\sts-3.9.4.RELEASE\plugins\org.junit.jupiter.engine_5.0.0.v20170910-2246.jar;E:\xiahui\tools\eclipse\STS_SN\sts-bundle\sts-3.9.4.RELEASE\plugins\org.junit.jupiter.migrationsupport_5.0.0.v20170910-2246.jar;E:\xiahui\tools\eclipse\STS_SN\sts-bundle\sts-3.9.4.RELEASE\plugins\org.junit.jupiter.params_5.0.0.v20170910-2246.jar;E:\xiahui\tools\eclipse\STS_SN\sts-bundle\sts-3.9.4.RELEASE\plugins\org.junit.platform.commons_1.0.0.v20170910-2246.jar;E:\xiahui\tools\eclipse\STS_SN\sts-bundle\sts-3.9.4.RELEASE\plugins\org.junit.platform.engine_1.0.0.v20170910-2246.jar;E:\xiahui\tools\eclipse\STS_SN\sts-bundle\sts-3.9.4.RELEASE\plugins\org.junit.platform.launcher_1.0.0.v20170910-2246.jar;E:\xiahui\tools\eclipse\STS_SN\sts-bundle\sts-3.9.4.RELEASE\plugins\org.junit.platform.runner_1.0.0.v20170910-2246.jar;E:\xiahui\tools\eclipse\STS_SN\sts-bundle\sts-3.9.4.RELEASE\pl
Launcher Type: SUN_STANDARD

Environment Variables:
JAVA_HOME=E:\xiahui\java\jdk1.8\
PATH=E:\xiahui\java\jdk1.8\jre\bin;E:/xiahui/java/jdk1.8//bin/../jre/bin/server;E:/xiahui/java/jdk1.8//bin/../jre/bin;E:/xiahui/java/jdk1.8//bin/../jre/lib/amd64;C:\Program Files (x86)\Intel\iCLS Client\;C:\Program Files\Intel\iCLS Client\;C:\Windows\system32;C:\Windows;C:\Windows\System32\Wbem;C:\Windows\System32\WindowsPowerShell\v1.0\;C:\Program Files (x86)\Intel\Intel(R) Management Engine Components\DAL;C:\Program Files\Intel\Intel(R) Management Engine Components\DAL;C:\Program Files (x86)\Intel\Intel(R) Management Engine Components\IPT;C:\Program Files\Intel\Intel(R) Management Engine Components\IPT;E:\xiahui\java\jdk1.8\\bin;E:\xiahui\tools\maven\apache-maven-3.3.9\bin;E:\xiahui\tools\svn\bin;E:\xiahui\tools\git\Git\cmd;E:\xiahui\python\pythonInstall;C:\Program Files\MySQL\MySQL Utilities 1.6\;E:\xiahui\tools\jboss\wildfly-apps\bin;E:\xiahui\python\pythonInstall\Scripts;C:\Users\mtw\AppData\Local\Microsoft\WindowsApps;;C:\Users\mtw\AppData\Local\Programs\Fiddler;E:\xiahui\tools\eclipse\STS_SN\sts-bundle\sts-3.9.4.RELEASE;
USERNAME=mtw
OS=Windows_NT
PROCESSOR_IDENTIFIER=Intel64 Family 6 Model 142 Stepping 9, GenuineIntel



---------------  S Y S T E M  ---------------

OS: Windows 10.0 , 64 bit Build 15063 (10.0.15063.1058)

CPU:total 4 (2 cores per cpu, 2 threads per core) family 6 model 142 stepping 9, cmov, cx8, fxsr, mmx, sse, sse2, sse3, ssse3, sse4.1, sse4.2, popcnt, avx, avx2, aes, clmul, erms, 3dnowpref, lzcnt, ht, tsc, tscinvbit, bmi1, bmi2, adx

Memory: 4k page, physical 8278528k(2398188k free), swap 14832128k(3438112k free)

vm_info: Java HotSpot(TM) 64-Bit Server VM (25.101-b13) for windows-amd64 JRE (1.8.0_101-b13), built on Jun 22 2016 01:21:29 by "java_re" with MS VC++ 10.0 (VS2010)

time: Wed Jun 13 19:23:52 2018
elapsed time: 12787 seconds (0d 3h 33m 7s)

